This file contains any messages produced by compilers while
running configure, to aid debugging if configure makes a mistake.

It was created by xwc configure 1.1, which was
generated by GNU Autoconf 2.69.  Invocation command line was

  $ ./configure --no-create --no-recursion

## --------- ##
## Platform. ##
## --------- ##

hostname = epimeteu
uname -m = x86_64
uname -r = 4.15.0-65-generic
uname -s = Linux
uname -v = #74-Ubuntu SMP Tue Sep 17 17:06:04 UTC 2019

/usr/bin/uname -p = unknown
/bin/uname -X     = unknown

/bin/arch              = unknown
/usr/bin/arch -k       = unknown
/usr/convex/getsysinfo = unknown
/usr/bin/hostinfo      = unknown
/bin/machine           = unknown
/usr/bin/oslevel       = unknown
/bin/universe          = unknown

PATH: /home/giulia/anaconda3/condabin
PATH: /usr/local/sbin
PATH: /usr/local/bin
PATH: /usr/sbin
PATH: /usr/bin
PATH: /sbin
PATH: /bin
PATH: /usr/games
PATH: /usr/local/games
PATH: /snap/bin
PATH: /usr/lib/jvm/java-8-oracle/bin
PATH: /usr/lib/jvm/java-8-oracle/db/bin
PATH: /usr/lib/jvm/java-8-oracle/jre/bin


## ----------- ##
## Core tests. ##
## ----------- ##

configure:2139: checking for a BSD-compatible install
configure:2207: result: /usr/bin/install -c
configure:2218: checking whether build environment is sane
configure:2273: result: yes
configure:2424: checking for a thread-safe mkdir -p
configure:2463: result: /bin/mkdir -p
configure:2470: checking for gawk
configure:2500: result: no
configure:2470: checking for mawk
configure:2486: found /usr/bin/mawk
configure:2497: result: mawk
configure:2508: checking whether make sets $(MAKE)
configure:2530: result: yes
configure:2559: checking whether make supports nested variables
configure:2576: result: yes
configure:2756: checking for gcc
configure:2772: found /usr/bin/gcc
configure:2783: result: gcc
configure:3012: checking for C compiler version
configure:3021: gcc --version >&5
gcc (Ubuntu 7.4.0-1ubuntu1~18.04.1) 7.4.0
Copyright (C) 2017 Free Software Foundation, Inc.
This is free software; see the source for copying conditions.  There is NO
warranty; not even for MERCHANTABILITY or FITNESS FOR A PARTICULAR PURPOSE.

configure:3032: $? = 0
configure:3021: gcc -v >&5
Using built-in specs.
COLLECT_GCC=gcc
COLLECT_LTO_WRAPPER=/usr/lib/gcc/x86_64-linux-gnu/7/lto-wrapper
OFFLOAD_TARGET_NAMES=nvptx-none
OFFLOAD_TARGET_DEFAULT=1
Target: x86_64-linux-gnu
Configured with: ../src/configure -v --with-pkgversion='Ubuntu 7.4.0-1ubuntu1~18.04.1' --with-bugurl=file:///usr/share/doc/gcc-7/README.Bugs --enable-languages=c,ada,c++,go,brig,d,fortran,objc,obj-c++ --prefix=/usr --with-gcc-major-version-only --program-suffix=-7 --program-prefix=x86_64-linux-gnu- --enable-shared --enable-linker-build-id --libexecdir=/usr/lib --without-included-gettext --enable-threads=posix --libdir=/usr/lib --enable-nls --with-sysroot=/ --enable-clocale=gnu --enable-libstdcxx-debug --enable-libstdcxx-time=yes --with-default-libstdcxx-abi=new --enable-gnu-unique-object --disable-vtable-verify --enable-libmpx --enable-plugin --enable-default-pie --with-system-zlib --with-target-system-zlib --enable-objc-gc=auto --enable-multiarch --disable-werror --with-arch-32=i686 --with-abi=m64 --with-multilib-list=m32,m64,mx32 --enable-multilib --with-tune=generic --enable-offload-targets=nvptx-none --without-cuda-driver --enable-checking=release --build=x86_64-linux-gnu --host=x86_64-linux-gnu --target=x86_64-linux-gnu
Thread model: posix
gcc version 7.4.0 (Ubuntu 7.4.0-1ubuntu1~18.04.1) 
configure:3032: $? = 0
configure:3021: gcc -V >&5
gcc: error: unrecognized command line option '-V'
gcc: fatal error: no input files
compilation terminated.
configure:3032: $? = 1
configure:3021: gcc -qversion >&5
gcc: error: unrecognized command line option '-qversion'; did you mean '--version'?
gcc: fatal error: no input files
compilation terminated.
configure:3032: $? = 1
configure:3052: checking whether the C compiler works
configure:3074: gcc    conftest.c  >&5
configure:3078: $? = 0
configure:3126: result: yes
configure:3129: checking for C compiler default output file name
configure:3131: result: a.out
configure:3137: checking for suffix of executables
configure:3144: gcc -o conftest    conftest.c  >&5
configure:3148: $? = 0
configure:3170: result: 
configure:3192: checking whether we are cross compiling
configure:3200: gcc -o conftest    conftest.c  >&5
configure:3204: $? = 0
configure:3211: ./conftest
configure:3215: $? = 0
configure:3230: result: no
configure:3235: checking for suffix of object files
configure:3257: gcc -c   conftest.c >&5
configure:3261: $? = 0
configure:3282: result: o
configure:3286: checking whether we are using the GNU C compiler
configure:3305: gcc -c   conftest.c >&5
configure:3305: $? = 0
configure:3314: result: yes
configure:3323: checking whether gcc accepts -g
configure:3343: gcc -c -g  conftest.c >&5
configure:3343: $? = 0
configure:3384: result: yes
configure:3401: checking for gcc option to accept ISO C89
configure:3464: gcc  -c -g -O2  conftest.c >&5
configure:3464: $? = 0
configure:3477: result: none needed
configure:3502: checking whether gcc understands -c and -o together
configure:3524: gcc -c conftest.c -o conftest2.o
configure:3527: $? = 0
configure:3524: gcc -c conftest.c -o conftest2.o
configure:3527: $? = 0
configure:3539: result: yes
configure:3567: checking for style of include used by make
configure:3595: result: GNU
configure:3621: checking dependency style of gcc
configure:3732: result: gcc3
configure:3750: checking for tan in -lm
configure:3775: gcc -o conftest -g -O2   conftest.c -lm   >&5
conftest.c:18:6: warning: conflicting types for built-in function 'tan' [-Wbuiltin-declaration-mismatch]
 char tan ();
      ^~~
configure:3775: $? = 0
configure:3784: result: yes
configure:3802: checking how to run the C preprocessor
configure:3833: gcc -E  conftest.c
configure:3833: $? = 0
configure:3847: gcc -E  conftest.c
conftest.c:12:10: fatal error: ac_nonexistent.h: No such file or directory
 #include <ac_nonexistent.h>
          ^~~~~~~~~~~~~~~~~~
compilation terminated.
configure:3847: $? = 1
configure: failed program was:
| /* confdefs.h */
| #define PACKAGE_NAME "xwc"
| #define PACKAGE_TARNAME "xwc"
| #define PACKAGE_VERSION "1.1"
| #define PACKAGE_STRING "xwc 1.1"
| #define PACKAGE_BUGREPORT ""
| #define PACKAGE_URL ""
| #define PACKAGE "xwc"
| #define VERSION "1.1"
| #define HAVE_LIBM 1
| /* end confdefs.h.  */
| #include <ac_nonexistent.h>
configure:3872: result: gcc -E
configure:3892: gcc -E  conftest.c
configure:3892: $? = 0
configure:3906: gcc -E  conftest.c
conftest.c:12:10: fatal error: ac_nonexistent.h: No such file or directory
 #include <ac_nonexistent.h>
          ^~~~~~~~~~~~~~~~~~
compilation terminated.
configure:3906: $? = 1
configure: failed program was:
| /* confdefs.h */
| #define PACKAGE_NAME "xwc"
| #define PACKAGE_TARNAME "xwc"
| #define PACKAGE_VERSION "1.1"
| #define PACKAGE_STRING "xwc 1.1"
| #define PACKAGE_BUGREPORT ""
| #define PACKAGE_URL ""
| #define PACKAGE "xwc"
| #define VERSION "1.1"
| #define HAVE_LIBM 1
| /* end confdefs.h.  */
| #include <ac_nonexistent.h>
configure:3935: checking for X
configure:4043: gcc -E  conftest.c
configure:4043: $? = 0
configure:4074: gcc -o conftest -g -O2   conftest.c -lX11 -lm  >&5
configure:4074: $? = 0
configure:4124: result: libraries , headers 
configure:4128: checking for grep that handles long lines and -e
configure:4186: result: /bin/grep
configure:4191: checking for egrep
configure:4253: result: /bin/grep -E
configure:4258: checking for ANSI C header files
configure:4278: gcc -c -g -O2  conftest.c >&5
configure:4278: $? = 0
configure:4351: gcc -o conftest -g -O2   conftest.c -lm  >&5
configure:4351: $? = 0
configure:4351: ./conftest
configure:4351: $? = 0
configure:4362: result: yes
configure:4375: checking for sys/types.h
configure:4375: gcc -c -g -O2  conftest.c >&5
configure:4375: $? = 0
configure:4375: result: yes
configure:4375: checking for sys/stat.h
configure:4375: gcc -c -g -O2  conftest.c >&5
configure:4375: $? = 0
configure:4375: result: yes
configure:4375: checking for stdlib.h
configure:4375: gcc -c -g -O2  conftest.c >&5
configure:4375: $? = 0
configure:4375: result: yes
configure:4375: checking for string.h
configure:4375: gcc -c -g -O2  conftest.c >&5
configure:4375: $? = 0
configure:4375: result: yes
configure:4375: checking for memory.h
configure:4375: gcc -c -g -O2  conftest.c >&5
configure:4375: $? = 0
configure:4375: result: yes
configure:4375: checking for strings.h
configure:4375: gcc -c -g -O2  conftest.c >&5
configure:4375: $? = 0
configure:4375: result: yes
configure:4375: checking for inttypes.h
configure:4375: gcc -c -g -O2  conftest.c >&5
configure:4375: $? = 0
configure:4375: result: yes
configure:4375: checking for stdint.h
configure:4375: gcc -c -g -O2  conftest.c >&5
configure:4375: $? = 0
configure:4375: result: yes
configure:4375: checking for unistd.h
configure:4375: gcc -c -g -O2  conftest.c >&5
configure:4375: $? = 0
configure:4375: result: yes
configure:4390: checking for stdlib.h
configure:4390: result: yes
configure:4390: checking for string.h
configure:4390: result: yes
configure:4390: checking for unistd.h
configure:4390: result: yes
configure:4404: checking for XpmReadFileToPixmap in -lXpm
configure:4429: gcc -o conftest -g -O2   conftest.c -lXpm  -lm  >&5
configure:4429: $? = 0
configure:4438: result: yes
configure:4453: checking for XFlush in -lX11
configure:4478: gcc -o conftest -g -O2   conftest.c -lX11  -lXpm -lm  >&5
configure:4478: $? = 0
configure:4487: result: yes
configure:4506: checking for stdlib.h
configure:4506: result: yes
configure:4516: checking for GNU libc compatible malloc
configure:4540: gcc -o conftest -g -O2   conftest.c -lX11 -lXpm -lm  >&5
configure:4540: $? = 0
configure:4540: ./conftest
configure:4540: $? = 0
configure:4550: result: yes
configure:4683: checking that generated files are newer than configure
configure:4689: result: done
configure:4712: creating ./config.status

## ---------------- ##
## Cache variables. ##
## ---------------- ##

ac_cv_c_compiler_gnu=yes
ac_cv_env_CC_set=
ac_cv_env_CC_value=
ac_cv_env_CFLAGS_set=
ac_cv_env_CFLAGS_value=
ac_cv_env_CPPFLAGS_set=
ac_cv_env_CPPFLAGS_value=
ac_cv_env_CPP_set=
ac_cv_env_CPP_value=
ac_cv_env_LDFLAGS_set=
ac_cv_env_LDFLAGS_value=
ac_cv_env_LIBS_set=
ac_cv_env_LIBS_value=
ac_cv_env_XMKMF_set=
ac_cv_env_XMKMF_value=
ac_cv_env_build_alias_set=
ac_cv_env_build_alias_value=
ac_cv_env_host_alias_set=
ac_cv_env_host_alias_value=
ac_cv_env_target_alias_set=
ac_cv_env_target_alias_value=
ac_cv_func_malloc_0_nonnull=yes
ac_cv_have_x='have_x=yes	ac_x_includes='\'''\''	ac_x_libraries='\'''\'''
ac_cv_header_inttypes_h=yes
ac_cv_header_memory_h=yes
ac_cv_header_stdc=yes
ac_cv_header_stdint_h=yes
ac_cv_header_stdlib_h=yes
ac_cv_header_string_h=yes
ac_cv_header_strings_h=yes
ac_cv_header_sys_stat_h=yes
ac_cv_header_sys_types_h=yes
ac_cv_header_unistd_h=yes
ac_cv_lib_X11_XFlush=yes
ac_cv_lib_Xpm_XpmReadFileToPixmap=yes
ac_cv_lib_m_tan=yes
ac_cv_objext=o
ac_cv_path_EGREP='/bin/grep -E'
ac_cv_path_GREP=/bin/grep
ac_cv_path_install='/usr/bin/install -c'
ac_cv_path_mkdir=/bin/mkdir
ac_cv_prog_AWK=mawk
ac_cv_prog_CPP='gcc -E'
ac_cv_prog_ac_ct_CC=gcc
ac_cv_prog_cc_c89=
ac_cv_prog_cc_g=yes
ac_cv_prog_make_make_set=yes
am_cv_CC_dependencies_compiler_type=gcc3
am_cv_make_support_nested_variables=yes
am_cv_prog_cc_c_o=yes

## ----------------- ##
## Output variables. ##
## ----------------- ##

ACLOCAL='${SHELL} /home/giulia/Documentos/2sem/mac216/tecprog/TECPROG/FASE02/xwc-1.1/missing aclocal-1.15'
AMDEPBACKSLASH='\'
AMDEP_FALSE='#'
AMDEP_TRUE=''
AMTAR='$${TAR-tar}'
AM_BACKSLASH='\'
AM_DEFAULT_V='$(AM_DEFAULT_VERBOSITY)'
AM_DEFAULT_VERBOSITY='1'
AM_V='$(V)'
AUTOCONF='${SHELL} /home/giulia/Documentos/2sem/mac216/tecprog/TECPROG/FASE02/xwc-1.1/missing autoconf'
AUTOHEADER='${SHELL} /home/giulia/Documentos/2sem/mac216/tecprog/TECPROG/FASE02/xwc-1.1/missing autoheader'
AUTOMAKE='${SHELL} /home/giulia/Documentos/2sem/mac216/tecprog/TECPROG/FASE02/xwc-1.1/missing automake-1.15'
AWK='mawk'
CC='gcc'
CCDEPMODE='depmode=gcc3'
CFLAGS='-g -O2'
CPP='gcc -E'
CPPFLAGS=''
CYGPATH_W='echo'
DEFS='-DHAVE_CONFIG_H'
DEPDIR='.deps'
ECHO_C=''
ECHO_N='-n'
ECHO_T=''
EGREP='/bin/grep -E'
EXEEXT=''
GREP='/bin/grep'
INSTALL_DATA='${INSTALL} -m 644'
INSTALL_PROGRAM='${INSTALL}'
INSTALL_SCRIPT='${INSTALL}'
INSTALL_STRIP_PROGRAM='$(install_sh) -c -s'
LDFLAGS=''
LIBOBJS=''
LIBS='-lX11 -lXpm -lm '
LTLIBOBJS=''
MAKEINFO='${SHELL} /home/giulia/Documentos/2sem/mac216/tecprog/TECPROG/FASE02/xwc-1.1/missing makeinfo'
MKDIR_P='/bin/mkdir -p'
OBJEXT='o'
PACKAGE='xwc'
PACKAGE_BUGREPORT=''
PACKAGE_NAME='xwc'
PACKAGE_STRING='xwc 1.1'
PACKAGE_TARNAME='xwc'
PACKAGE_URL=''
PACKAGE_VERSION='1.1'
PATH_SEPARATOR=':'
SET_MAKE=''
SHELL='/bin/bash'
STRIP=''
VERSION='1.1'
XMKMF=''
ac_ct_CC='gcc'
am__EXEEXT_FALSE=''
am__EXEEXT_TRUE='#'
am__fastdepCC_FALSE='#'
am__fastdepCC_TRUE=''
am__include='include'
am__isrc=''
am__leading_dot='.'
am__nodep='_no'
am__quote=''
am__tar='$${TAR-tar} chof - "$$tardir"'
am__untar='$${TAR-tar} xf -'
bindir='${exec_prefix}/bin'
build_alias=''
datadir='${datarootdir}'
datarootdir='${prefix}/share'
docdir='${datarootdir}/doc/${PACKAGE_TARNAME}'
dvidir='${docdir}'
exec_prefix='${prefix}'
host_alias=''
htmldir='${docdir}'
includedir='${prefix}/include'
infodir='${datarootdir}/info'
install_sh='${SHELL} /home/giulia/Documentos/2sem/mac216/tecprog/TECPROG/FASE02/xwc-1.1/install-sh'
libdir='${exec_prefix}/lib'
libexecdir='${exec_prefix}/libexec'
localedir='${datarootdir}/locale'
localstatedir='${prefix}/var'
mandir='${datarootdir}/man'
mkdir_p='$(MKDIR_P)'
oldincludedir='/usr/include'
pdfdir='${docdir}'
prefix='/usr/local'
program_transform_name='s,x,x,'
psdir='${docdir}'
runstatedir='${localstatedir}/run'
sbindir='${exec_prefix}/sbin'
sharedstatedir='${prefix}/com'
sysconfdir='${prefix}/etc'
target_alias=''

## ----------- ##
## confdefs.h. ##
## ----------- ##

/* confdefs.h */
#define PACKAGE_NAME "xwc"
#define PACKAGE_TARNAME "xwc"
#define PACKAGE_VERSION "1.1"
#define PACKAGE_STRING "xwc 1.1"
#define PACKAGE_BUGREPORT ""
#define PACKAGE_URL ""
#define PACKAGE "xwc"
#define VERSION "1.1"
#define HAVE_LIBM 1
#define STDC_HEADERS 1
#define HAVE_SYS_TYPES_H 1
#define HAVE_SYS_STAT_H 1
#define HAVE_STDLIB_H 1
#define HAVE_STRING_H 1
#define HAVE_MEMORY_H 1
#define HAVE_STRINGS_H 1
#define HAVE_INTTYPES_H 1
#define HAVE_STDINT_H 1
#define HAVE_UNISTD_H 1
#define HAVE_STDLIB_H 1
#define HAVE_STRING_H 1
#define HAVE_UNISTD_H 1
#define HAVE_LIBXPM 1
#define HAVE_LIBX11 1
#define HAVE_STDLIB_H 1
#define HAVE_MALLOC 1

configure: exit 0

## ---------------------- ##
## Running config.status. ##
## ---------------------- ##

This file was extended by xwc config.status 1.1, which was
generated by GNU Autoconf 2.69.  Invocation command line was

  CONFIG_FILES    = 
  CONFIG_HEADERS  = 
  CONFIG_LINKS    = 
  CONFIG_COMMANDS = 
  $ ./config.status 

on epimeteu

config.status:862: creating Makefile
config.status:862: creating config.h
config.status:1043: config.h is unchanged
config.status:1091: executing depfiles commands

## ---------------------- ##
## Running config.status. ##
## ---------------------- ##

This file was extended by xwc config.status 1.1, which was
generated by GNU Autoconf 2.69.  Invocation command line was

  CONFIG_FILES    = 
  CONFIG_HEADERS  = 
  CONFIG_LINKS    = 
  CONFIG_COMMANDS = 
  $ ./config.status config.h

on epimeteu

config.status:862: creating config.h
config.status:1043: config.h is unchanged
