This file contains any messages produced by compilers while
running configure, to aid debugging if configure makes a mistake.

It was created by xwc configure 1.1, which was
generated by GNU Autoconf 2.69.  Invocation command line was

  $ ./configure --no-create --no-recursion

## --------- ##
## Platform. ##
## --------- ##

hostname = dai
uname -m = x86_64
uname -r = 5.0.0-32-generic
uname -s = Linux
uname -v = #34-Ubuntu SMP Wed Oct 2 02:06:48 UTC 2019

/usr/bin/uname -p = unknown
/bin/uname -X     = unknown

/bin/arch              = unknown
/usr/bin/arch -k       = unknown
/usr/convex/getsysinfo = unknown
/usr/bin/hostinfo      = unknown
/bin/machine           = unknown
/usr/bin/oslevel       = unknown
/bin/universe          = unknown

PATH: /home/daidai/anaconda3/bin
PATH: /home/daidai/anaconda3/condabin
PATH: /home/daidai/bin
PATH: /usr/local/sbin
PATH: /usr/local/bin
PATH: /usr/sbin
PATH: /usr/bin
PATH: /sbin
PATH: /bin
PATH: /usr/games
PATH: /usr/local/games
PATH: /snap/bin


## ----------- ##
## Core tests. ##
## ----------- ##

configure:2136: checking for a BSD-compatible install
configure:2204: result: /usr/bin/install -c
configure:2215: checking whether build environment is sane
configure:2270: result: yes
configure:2419: checking for a thread-safe mkdir -p
configure:2458: result: /bin/mkdir -p
configure:2465: checking for gawk
configure:2495: result: no
configure:2465: checking for mawk
configure:2481: found /usr/bin/mawk
configure:2492: result: mawk
configure:2503: checking whether make sets $(MAKE)
configure:2525: result: yes
configure:2554: checking whether make supports nested variables
configure:2571: result: yes
configure:2752: checking for gcc
configure:2768: found /usr/bin/gcc
configure:2779: result: gcc
configure:3008: checking for C compiler version
configure:3017: gcc --version >&5
gcc (Ubuntu 8.3.0-6ubuntu1) 8.3.0
Copyright (C) 2018 Free Software Foundation, Inc.
This is free software; see the source for copying conditions.  There is NO
warranty; not even for MERCHANTABILITY or FITNESS FOR A PARTICULAR PURPOSE.

configure:3028: $? = 0
configure:3017: gcc -v >&5
Using built-in specs.
COLLECT_GCC=gcc
COLLECT_LTO_WRAPPER=/usr/lib/gcc/x86_64-linux-gnu/8/lto-wrapper
OFFLOAD_TARGET_NAMES=nvptx-none
OFFLOAD_TARGET_DEFAULT=1
Target: x86_64-linux-gnu
Configured with: ../src/configure -v --with-pkgversion='Ubuntu 8.3.0-6ubuntu1' --with-bugurl=file:///usr/share/doc/gcc-8/README.Bugs --enable-languages=c,ada,c++,go,brig,d,fortran,objc,obj-c++ --prefix=/usr --with-gcc-major-version-only --program-suffix=-8 --program-prefix=x86_64-linux-gnu- --enable-shared --enable-linker-build-id --libexecdir=/usr/lib --without-included-gettext --enable-threads=posix --libdir=/usr/lib --enable-nls --enable-bootstrap --enable-clocale=gnu --enable-libstdcxx-debug --enable-libstdcxx-time=yes --with-default-libstdcxx-abi=new --enable-gnu-unique-object --disable-vtable-verify --enable-libmpx --enable-plugin --enable-default-pie --with-system-zlib --with-target-system-zlib --enable-objc-gc=auto --enable-multiarch --disable-werror --with-arch-32=i686 --with-abi=m64 --with-multilib-list=m32,m64,mx32 --enable-multilib --with-tune=generic --enable-offload-targets=nvptx-none --without-cuda-driver --enable-checking=release --build=x86_64-linux-gnu --host=x86_64-linux-gnu --target=x86_64-linux-gnu
Thread model: posix
gcc version 8.3.0 (Ubuntu 8.3.0-6ubuntu1) 
configure:3028: $? = 0
configure:3017: gcc -V >&5
gcc: error: unrecognized command line option '-V'
gcc: fatal error: no input files
compilation terminated.
configure:3028: $? = 1
configure:3017: gcc -qversion >&5
gcc: error: unrecognized command line option '-qversion'; did you mean '--version'?
gcc: fatal error: no input files
compilation terminated.
configure:3028: $? = 1
configure:3048: checking whether the C compiler works
configure:3070: gcc    conftest.c  >&5
configure:3074: $? = 0
configure:3122: result: yes
configure:3125: checking for C compiler default output file name
configure:3127: result: a.out
configure:3133: checking for suffix of executables
configure:3140: gcc -o conftest    conftest.c  >&5
configure:3144: $? = 0
configure:3166: result: 
configure:3188: checking whether we are cross compiling
configure:3196: gcc -o conftest    conftest.c  >&5
configure:3200: $? = 0
configure:3207: ./conftest
configure:3211: $? = 0
configure:3199: result: no
configure:3204: checking for suffix of object files
configure:3226: gcc -c   conftest.c >&5
configure:3230: $? = 0
configure:3251: result: o
configure:3255: checking whether we are using the GNU C compiler
configure:3274: gcc -c   conftest.c >&5
configure:3274: $? = 0
configure:3283: result: yes
configure:3292: checking whether gcc accepts -g
configure:3312: gcc -c -g  conftest.c >&5
configure:3312: $? = 0
configure:3353: result: yes
configure:3370: checking for gcc option to accept ISO C89
configure:3433: gcc  -c -g -O2  conftest.c >&5
configure:3433: $? = 0
configure:3446: result: none needed
configure:3471: checking whether gcc understands -c and -o together
configure:3493: gcc -c conftest.c -o conftest2.o
configure:3496: $? = 0
configure:3493: gcc -c conftest.c -o conftest2.o
configure:3496: $? = 0
configure:3508: result: yes
configure:3528: checking whether make supports the include directive
configure:3543: make -f confmf.GNU && cat confinc.out
make[1]: Entering directory '/home/daidai/Documents/C/TECPROG/FASE03/Projeto_2_MAC-0216 (copy)'
make[1]: Leaving directory '/home/daidai/Documents/C/TECPROG/FASE03/Projeto_2_MAC-0216 (copy)'
this is the am__doit target
configure:3546: $? = 0
configure:3565: result: yes (GNU style)
configure:3590: checking dependency style of gcc
configure:3701: result: gcc3
configure:3719: checking for tan in -lm
configure:3744: gcc -o conftest -g -O2   conftest.c -lm   >&5
conftest.c:18:6: warning: conflicting types for built-in function 'tan' [-Wbuiltin-declaration-mismatch]
 char tan ();
      ^~~
configure:3744: $? = 0
configure:3753: result: yes
configure:3771: checking how to run the C preprocessor
configure:3802: gcc -E  conftest.c
configure:3802: $? = 0
configure:3816: gcc -E  conftest.c
conftest.c:12:10: fatal error: ac_nonexistent.h: No such file or directory
 #include <ac_nonexistent.h>
          ^~~~~~~~~~~~~~~~~~
compilation terminated.
configure:3816: $? = 1
configure: failed program was:
| /* confdefs.h */
| #define PACKAGE_NAME "xwc"
| #define PACKAGE_TARNAME "xwc"
| #define PACKAGE_VERSION "1.1"
| #define PACKAGE_STRING "xwc 1.1"
| #define PACKAGE_BUGREPORT ""
| #define PACKAGE_URL ""
| #define PACKAGE "xwc"
| #define VERSION "1.1"
| #define HAVE_LIBM 1
| /* end confdefs.h.  */
| #include <ac_nonexistent.h>
configure:3841: result: gcc -E
configure:3861: gcc -E  conftest.c
configure:3861: $? = 0
configure:3875: gcc -E  conftest.c
conftest.c:12:10: fatal error: ac_nonexistent.h: No such file or directory
 #include <ac_nonexistent.h>
          ^~~~~~~~~~~~~~~~~~
compilation terminated.
configure:3875: $? = 1
configure: failed program was:
| /* confdefs.h */
| #define PACKAGE_NAME "xwc"
| #define PACKAGE_TARNAME "xwc"
| #define PACKAGE_VERSION "1.1"
| #define PACKAGE_STRING "xwc 1.1"
| #define PACKAGE_BUGREPORT ""
| #define PACKAGE_URL ""
| #define PACKAGE "xwc"
| #define VERSION "1.1"
| #define HAVE_LIBM 1
| /* end confdefs.h.  */
| #include <ac_nonexistent.h>
configure:3904: checking for X
configure:4012: gcc -E  conftest.c
configure:4012: $? = 0
configure:4043: gcc -o conftest -g -O2   conftest.c -lX11 -lm  >&5
configure:4043: $? = 0
configure:4093: result: libraries , headers 
configure:4097: checking for grep that handles long lines and -e
configure:4155: result: /bin/grep
configure:4160: checking for egrep
configure:4222: result: /bin/grep -E
configure:4227: checking for ANSI C header files
configure:4247: gcc -c -g -O2  conftest.c >&5
configure:4247: $? = 0
configure:4320: gcc -o conftest -g -O2   conftest.c -lm  >&5
configure:4320: $? = 0
configure:4320: ./conftest
configure:4320: $? = 0
configure:4331: result: yes
configure:4344: checking for sys/types.h
configure:4344: gcc -c -g -O2  conftest.c >&5
configure:4344: $? = 0
configure:4344: result: yes
configure:4344: checking for sys/stat.h
configure:4344: gcc -c -g -O2  conftest.c >&5
configure:4344: $? = 0
configure:4344: result: yes
configure:4344: checking for stdlib.h
configure:4344: gcc -c -g -O2  conftest.c >&5
configure:4344: $? = 0
configure:4344: result: yes
configure:4344: checking for string.h
configure:4344: gcc -c -g -O2  conftest.c >&5
configure:4344: $? = 0
configure:4344: result: yes
configure:4344: checking for memory.h
configure:4344: gcc -c -g -O2  conftest.c >&5
configure:4344: $? = 0
configure:4344: result: yes
configure:4344: checking for strings.h
configure:4344: gcc -c -g -O2  conftest.c >&5
configure:4344: $? = 0
configure:4344: result: yes
configure:4344: checking for inttypes.h
configure:4344: gcc -c -g -O2  conftest.c >&5
configure:4344: $? = 0
configure:4344: result: yes
configure:4344: checking for stdint.h
configure:4344: gcc -c -g -O2  conftest.c >&5
configure:4344: $? = 0
configure:4344: result: yes
configure:4344: checking for unistd.h
configure:4344: gcc -c -g -O2  conftest.c >&5
configure:4344: $? = 0
configure:4344: result: yes
configure:4359: checking for stdlib.h
configure:4359: result: yes
configure:4359: checking for string.h
configure:4359: result: yes
configure:4359: checking for unistd.h
configure:4359: result: yes
configure:4359: checking math.h usability
configure:4359: gcc -c -g -O2  conftest.c >&5
configure:4359: $? = 0
configure:4359: result: yes
configure:4359: checking math.h presence
configure:4359: gcc -E  conftest.c
configure:4359: $? = 0
configure:4359: result: yes
configure:4359: checking for math.h
configure:4359: result: yes
configure:4359: checking stdio.h usability
configure:4359: gcc -c -g -O2  conftest.c >&5
configure:4359: $? = 0
configure:4359: result: yes
configure:4359: checking stdio.h presence
configure:4359: gcc -E  conftest.c
configure:4359: $? = 0
configure:4359: result: yes
configure:4359: checking for stdio.h
configure:4359: result: yes
configure:4373: checking for XpmReadFileToPixmap in -lXpm
configure:4398: gcc -o conftest -g -O2   conftest.c -lXpm  -lm  >&5
configure:4398: $? = 0
configure:4407: result: yes
configure:4422: checking for XFlush in -lX11
configure:4447: gcc -o conftest -g -O2   conftest.c -lX11  -lXpm -lm  >&5
configure:4447: $? = 0
configure:4456: result: yes
configure:4475: checking for stdlib.h
configure:4475: result: yes
configure:4485: checking for GNU libc compatible malloc
configure:4509: gcc -o conftest -g -O2   conftest.c -lX11 -lXpm -lm  >&5
configure:4509: $? = 0
configure:4509: ./conftest
configure:4509: $? = 0
configure:4519: result: yes
configure:4644: checking that generated files are newer than configure
configure:4650: result: done
configure:4673: creating ./config.status

## ---------------- ##
## Cache variables. ##
## ---------------- ##

ac_cv_c_compiler_gnu=yes
ac_cv_env_CC_set=
ac_cv_env_CC_value=
ac_cv_env_CFLAGS_set=
ac_cv_env_CFLAGS_value=
ac_cv_env_CPPFLAGS_set=
ac_cv_env_CPPFLAGS_value=
ac_cv_env_CPP_set=
ac_cv_env_CPP_value=
ac_cv_env_LDFLAGS_set=
ac_cv_env_LDFLAGS_value=
ac_cv_env_LIBS_set=
ac_cv_env_LIBS_value=
ac_cv_env_XMKMF_set=
ac_cv_env_XMKMF_value=
ac_cv_env_build_alias_set=
ac_cv_env_build_alias_value=
ac_cv_env_host_alias_set=
ac_cv_env_host_alias_value=
ac_cv_env_target_alias_set=
ac_cv_env_target_alias_value=
ac_cv_func_malloc_0_nonnull=yes
ac_cv_have_x='have_x=yes	ac_x_includes='\'''\''	ac_x_libraries='\'''\'''
ac_cv_header_inttypes_h=yes
ac_cv_header_math_h=yes
ac_cv_header_memory_h=yes
ac_cv_header_stdc=yes
ac_cv_header_stdint_h=yes
ac_cv_header_stdio_h=yes
ac_cv_header_stdlib_h=yes
ac_cv_header_string_h=yes
ac_cv_header_strings_h=yes
ac_cv_header_sys_stat_h=yes
ac_cv_header_sys_types_h=yes
ac_cv_header_unistd_h=yes
ac_cv_lib_X11_XFlush=yes
ac_cv_lib_Xpm_XpmReadFileToPixmap=yes
ac_cv_lib_m_tan=yes
ac_cv_objext=o
ac_cv_path_EGREP='/bin/grep -E'
ac_cv_path_GREP=/bin/grep
ac_cv_path_install='/usr/bin/install -c'
ac_cv_path_mkdir=/bin/mkdir
ac_cv_prog_AWK=mawk
ac_cv_prog_CPP='gcc -E'
ac_cv_prog_ac_ct_CC=gcc
ac_cv_prog_cc_c89=
ac_cv_prog_cc_g=yes
ac_cv_prog_make_make_set=yes
am_cv_CC_dependencies_compiler_type=gcc3
am_cv_make_support_nested_variables=yes
am_cv_prog_cc_c_o=yes

## ----------------- ##
## Output variables. ##
## ----------------- ##

ACLOCAL='${SHELL} "/home/daidai/Documents/C/TECPROG/FASE03/Projeto_2_MAC-0216 (copy)/missing" aclocal-1.16'
AMDEPBACKSLASH='\'
AMDEP_FALSE='#'
AMDEP_TRUE=''
AMTAR='$${TAR-tar}'
AM_BACKSLASH='\'
AM_DEFAULT_V='$(AM_DEFAULT_VERBOSITY)'
AM_DEFAULT_VERBOSITY='1'
AM_V='$(V)'
AUTOCONF='${SHELL} "/home/daidai/Documents/C/TECPROG/FASE03/Projeto_2_MAC-0216 (copy)/missing" autoconf'
AUTOHEADER='${SHELL} "/home/daidai/Documents/C/TECPROG/FASE03/Projeto_2_MAC-0216 (copy)/missing" autoheader'
AUTOMAKE='${SHELL} "/home/daidai/Documents/C/TECPROG/FASE03/Projeto_2_MAC-0216 (copy)/missing" automake-1.16'
AWK='mawk'
CC='gcc'
CCDEPMODE='depmode=gcc3'
CFLAGS='-g -O2'
CPP='gcc -E'
CPPFLAGS=''
CYGPATH_W='echo'
DEFS='-DHAVE_CONFIG_H'
DEPDIR='.deps'
ECHO_C=''
ECHO_N='-n'
ECHO_T=''
EGREP='/bin/grep -E'
EXEEXT=''
GREP='/bin/grep'
INSTALL_DATA='${INSTALL} -m 644'
INSTALL_PROGRAM='${INSTALL}'
INSTALL_SCRIPT='${INSTALL}'
INSTALL_STRIP_PROGRAM='$(install_sh) -c -s'
LDFLAGS=''
LIBOBJS=''
LIBS='-lX11 -lXpm -lm '
LTLIBOBJS=''
MAKEINFO='${SHELL} "/home/daidai/Documents/C/TECPROG/FASE03/Projeto_2_MAC-0216 (copy)/missing" makeinfo'
MKDIR_P='/bin/mkdir -p'
OBJEXT='o'
PACKAGE='xwc'
PACKAGE_BUGREPORT=''
PACKAGE_NAME='xwc'
PACKAGE_STRING='xwc 1.1'
PACKAGE_TARNAME='xwc'
PACKAGE_URL=''
PACKAGE_VERSION='1.1'
PATH_SEPARATOR=':'
SET_MAKE=''
SHELL='/bin/bash'
STRIP=''
VERSION='1.1'
XMKMF=''
ac_ct_CC='gcc'
am__EXEEXT_FALSE=''
am__EXEEXT_TRUE='#'
am__fastdepCC_FALSE='#'
am__fastdepCC_TRUE=''
am__include='include'
am__isrc=''
am__leading_dot='.'
am__nodep='_no'
am__quote=''
am__tar='$${TAR-tar} chof - "$$tardir"'
am__untar='$${TAR-tar} xf -'
bindir='${exec_prefix}/bin'
build_alias=''
datadir='${datarootdir}'
datarootdir='${prefix}/share'
docdir='${datarootdir}/doc/${PACKAGE_TARNAME}'
dvidir='${docdir}'
exec_prefix='${prefix}'
host_alias=''
htmldir='${docdir}'
includedir='${prefix}/include'
infodir='${datarootdir}/info'
install_sh='${SHELL} '\''/home/daidai/Documents/C/TECPROG/FASE03/Projeto_2_MAC-0216 (copy)/install-sh'\'''
libdir='${exec_prefix}/lib'
libexecdir='${exec_prefix}/libexec'
localedir='${datarootdir}/locale'
localstatedir='${prefix}/var'
mandir='${datarootdir}/man'
mkdir_p='$(MKDIR_P)'
oldincludedir='/usr/include'
pdfdir='${docdir}'
prefix='/usr/local'
program_transform_name='s,x,x,'
psdir='${docdir}'
runstatedir='${localstatedir}/run'
sbindir='${exec_prefix}/sbin'
sharedstatedir='${prefix}/com'
sysconfdir='${prefix}/etc'
target_alias=''

## ----------- ##
## confdefs.h. ##
## ----------- ##

/* confdefs.h */
#define PACKAGE_NAME "xwc"
#define PACKAGE_TARNAME "xwc"
#define PACKAGE_VERSION "1.1"
#define PACKAGE_STRING "xwc 1.1"
#define PACKAGE_BUGREPORT ""
#define PACKAGE_URL ""
#define PACKAGE "xwc"
#define VERSION "1.1"
#define HAVE_LIBM 1
#define STDC_HEADERS 1
#define HAVE_SYS_TYPES_H 1
#define HAVE_SYS_STAT_H 1
#define HAVE_STDLIB_H 1
#define HAVE_STRING_H 1
#define HAVE_MEMORY_H 1
#define HAVE_STRINGS_H 1
#define HAVE_INTTYPES_H 1
#define HAVE_STDINT_H 1
#define HAVE_UNISTD_H 1
#define HAVE_STDLIB_H 1
#define HAVE_STRING_H 1
#define HAVE_UNISTD_H 1
#define HAVE_MATH_H 1
#define HAVE_STDIO_H 1
#define HAVE_LIBXPM 1
#define HAVE_LIBX11 1
#define HAVE_STDLIB_H 1
#define HAVE_MALLOC 1

configure: exit 0

## ---------------------- ##
## Running config.status. ##
## ---------------------- ##

This file was extended by xwc config.status 1.1, which was
generated by GNU Autoconf 2.69.  Invocation command line was

  CONFIG_FILES    = 
  CONFIG_HEADERS  = 
  CONFIG_LINKS    = 
  CONFIG_COMMANDS = 
  $ ./config.status 

on dai

config.status:860: creating Makefile
config.status:860: creating config.h
config.status:1041: config.h is unchanged
config.status:1089: executing depfiles commands
config.status:1166: cd .       && sed -e '/# am--include-marker/d' Makefile         | make -f - am--depfiles
make[1]: Entering directory '/home/daidai/Documents/C/TECPROG/FASE03/Projeto_2_MAC-0216 (copy)'
make[1]: Nothing to be done for 'am--depfiles'.
make[1]: Leaving directory '/home/daidai/Documents/C/TECPROG/FASE03/Projeto_2_MAC-0216 (copy)'
config.status:1171: $? = 0

## ---------------------- ##
## Running config.status. ##
## ---------------------- ##

This file was extended by xwc config.status 1.1, which was
generated by GNU Autoconf 2.69.  Invocation command line was

  CONFIG_FILES    = 
  CONFIG_HEADERS  = 
  CONFIG_LINKS    = 
  CONFIG_COMMANDS = 
  $ ./config.status config.h

on dai

config.status:860: creating config.h
